[23Mai2026 07:06:02.949] [main/INFO] [cpw.mods.modlauncher.Launcher/MODLAUNCHER]: ModLauncher running: args [--launchTarget, forgeclientdev, --version, 21.1.227, --assetIndex, 17, --assetsDir, C:\\Users\\Daniel\\.gradle\\caches\\neoformruntime\\assets, --gameDir, ., --fml.fmlVersion, 4.0.42, --fml.mcVersion, 1.21.1, --fml.neoForgeVersion, 21.1.227, --fml.neoFormVersion, 20240808.144430]
[23Mai2026 07:06:02.951] [main/INFO] [cpw.mods.modlauncher.Launcher/MODLAUNCHER]: JVM identified as Eclipse Adoptium OpenJDK 64-Bit Server VM 21.0.6+7-LTS
[23Mai2026 07:06:02.952] [main/INFO] [cpw.mods.modlauncher.Launcher/MODLAUNCHER]: ModLauncher 11.0.5+main.901c6ea8 starting: java version 21.0.6 by Eclipse Adoptium; OS Windows 10 arch amd64 version 10.0
[23Mai2026 07:06:03.004] [main/WARN] [net.neoforged.fml.loading.FMLConfig/CORE]: Configuration file C:\Users\Daniel\Desktop\CBCAT\run\config\fml.toml is not correct. Correcting
[23Mai2026 07:06:03.033] [main/INFO] [net.neoforged.fml.loading.ImmediateWindowHandler/]: Loading ImmediateWindowProvider fmlearlywindow
[23Mai2026 07:06:03.119] [main/INFO] [EARLYDISPLAY/]: Trying GL version 4.6
[23Mai2026 07:06:03.246] [main/INFO] [EARLYDISPLAY/]: Requested GL version 4.6 got version 4.6
[23Mai2026 07:06:03.337] [main/INFO] [mixin/]: SpongePowered MIXIN Subsystem Version=0.8.7 Source=union:/C:/Users/Daniel/.gradle/caches/modules-2/files-2.1/net.fabricmc/sponge-mixin/0.15.2+mixin.0.8.7/2af2f021d8e02a0220dc27a7a72b4666d66d44ca/sponge-mixin-0.15.2+mixin.0.8.7.jar%23138!/ Service=ModLauncher Env=CLIENT
[23Mai2026 07:06:03.343] [main/WARN] [net.neoforged.fml.loading.FMLConfig/CORE]: Configuration file C:\Users\Daniel\Desktop\CBCAT\run\config\fml.toml is not correct. Correcting
[23Mai2026 07:06:03.489] [pool-2-thread-1/INFO] [EARLYDISPLAY/]: GL info: NVIDIA GeForce RTX 4070/PCIe/SSE2 GL version 4.6.0 NVIDIA 581.42, NVIDIA Corporation
[23Mai2026 07:06:03.657] [main/INFO] [net.neoforged.fml.loading.moddiscovery.locators.JarInJarDependencyLocator/]: Found 2 dependencies adding them to mods collection
[23Mai2026 07:06:03.658] [main/INFO] [net.neoforged.fml.loading.moddiscovery.ModDiscoverer/]: 
     Mod List:
		Name Version (Mod Id)

		CBC Advanced Technology 0.1.4c-1.21.1 (cbc_at)
		Create 6.0.10 (create)
		Create Big Cannons 5.11.3 (createbigcannons)
		Flywheel 1.0.6 (flywheel)
		Just Enough Items 19.27.0.340 (jei)
		Minecraft 1.21.1 (minecraft)
		NeoForge 21.1.227 (neoforge)
		Ponder 1.0.82+mc1.21.1 (ponder)
		Ritchie's Projectile Library 2.1.2 (ritchiesprojectilelib)
[23Mai2026 07:06:04.263] [main/INFO] [mixin/]: Compatibility level set to JAVA_17
[23Mai2026 07:06:04.265] [main/INFO] [mixin/]: Compatibility level set to JAVA_21
[23Mai2026 07:06:04.284] [main/INFO] [cpw.mods.modlauncher.LaunchServiceHandler/MODLAUNCHER]: Launching target 'forgeclientdev' with arguments [--version, 21.1.227, --gameDir, ., --assetsDir, C:\Users\Daniel\.gradle\caches\neoformruntime\assets, --assetIndex, 17]
[23Mai2026 07:06:04.347] [main/WARN] [mixin/]: Reference map 'ponder.refmap.json' for ponder-common.mixins.json could not be read. If this is a development environment you can ignore this message
[23Mai2026 07:06:04.521] [main/WARN] [mixin/]: Error loading class: xfacthd/framedblocks/common/blockentity/doubled/slab/FramedAdjustableDoubleBlockEntity (java.lang.ClassNotFoundException: xfacthd.framedblocks.common.blockentity.doubled.slab.FramedAdjustableDoubleBlockEntity)
[23Mai2026 07:06:04.522] [main/WARN] [mixin/]: @Mixin target xfacthd.framedblocks.common.blockentity.doubled.slab.FramedAdjustableDoubleBlockEntity was not found createbigcannons.mixins.json:compat.framedblocks.FramedAdjustableDoubleBlockEntityAccessor from mod createbigcannons
[23Mai2026 07:06:04.706] [main/WARN] [mixin/]: Error loading class: org/jetbrains/annotations/ApiStatus$ScheduledForRemoval (java.lang.ClassNotFoundException: org.jetbrains.annotations.ApiStatus$ScheduledForRemoval)
[23Mai2026 07:06:04.730] [main/INFO] [MixinExtras|Service/]: Initializing MixinExtras via com.llamalad7.mixinextras.service.MixinExtrasServiceImpl(version=0.5.3).
[23Mai2026 07:06:06.197] [Datafixer Bootstrap/INFO] [com.mojang.datafixers.DataFixerBuilder/]: 229 Datafixer optimizations took 343 milliseconds
[23Mai2026 07:06:09.941] [main/WARN] [net.minecraft.commands.Commands/]: Ambiguity between arguments [teleport, location] and [teleport, destination] with inputs: [0.1 -0.5 .9, 0 0 0]
[23Mai2026 07:06:09.942] [main/WARN] [net.minecraft.commands.Commands/]: Ambiguity between arguments [teleport, location] and [teleport, targets] with inputs: [0.1 -0.5 .9, 0 0 0]
[23Mai2026 07:06:09.944] [main/WARN] [net.minecraft.commands.Commands/]: Ambiguity between arguments [teleport, destination] and [teleport, targets] with inputs: [Player, 0123, @e, dd12be42-52a9-4a91-a8a1-11c01849e498]
[23Mai2026 07:06:09.944] [main/WARN] [net.minecraft.commands.Commands/]: Ambiguity between arguments [teleport, targets] and [teleport, destination] with inputs: [Player, 0123, dd12be42-52a9-4a91-a8a1-11c01849e498]
[23Mai2026 07:06:09.945] [main/WARN] [net.minecraft.commands.Commands/]: Ambiguity between arguments [teleport, targets, location] and [teleport, targets, destination] with inputs: [0.1 -0.5 .9, 0 0 0]
[23Mai2026 07:06:10.035] [Render thread/WARN] [net.minecraft.server.packs.VanillaPackResourcesBuilder/]: Assets URL 'union:/C:/Users/Daniel/Desktop/CBCAT/build/moddev/artifacts/neoforge-21.1.227.jar%23189!/assets/.mcassetsroot' uses unexpected schema
[23Mai2026 07:06:10.035] [Render thread/WARN] [net.minecraft.server.packs.VanillaPackResourcesBuilder/]: Assets URL 'union:/C:/Users/Daniel/Desktop/CBCAT/build/moddev/artifacts/neoforge-21.1.227.jar%23189!/data/.mcassetsroot' uses unexpected schema
[23Mai2026 07:06:10.064] [Render thread/INFO] [com.mojang.authlib.yggdrasil.YggdrasilAuthenticationService/]: Environment: Environment[sessionHost=https://sessionserver.mojang.com, servicesHost=https://api.minecraftservices.com, name=PROD]
[23Mai2026 07:06:10.074] [Render thread/INFO] [net.minecraft.client.Minecraft/]: Setting user: Dev
[23Mai2026 07:06:10.150] [Render thread/INFO] [net.minecraft.client.Minecraft/]: Backend library: LWJGL version 3.3.3+5
[23Mai2026 07:06:10.371] [modloading-worker-0/INFO] [net.neoforged.neoforge.common.NeoForgeMod/NEOFORGE-MOD]: NeoForge mod loading, version 21.1.227, for MC 1.21.1
[23Mai2026 07:06:10.461] [modloading-worker-0/INFO] [com.simibubi.create.Create/]: Create 6.0.10 initializing! Commit hash: ac0c444d9828da3453ae8cc65338e8de063286fb
[23Mai2026 07:06:10.468] [modloading-worker-0/INFO] [mezz.jei.library.load.PluginCaller/]: Sending ConfigManager...
[23Mai2026 07:06:10.471] [modloading-worker-0/INFO] [mezz.jei.library.load.PluginCaller/]: Sending ConfigManager took 2.258 milliseconds
[23Mai2026 07:06:13.583] [Render thread/INFO] [net.neoforged.neoforge.gametest.GameTestHooks/]: Enabled Gametest Namespaces: [cbc_at]
[23Mai2026 07:06:13.766] [Render thread/INFO] [net.minecraft.server.packs.resources.ReloadableResourceManager/]: Reloading ResourceManager: vanilla, mod_resources, mod/createbigcannons, mod/flywheel, mod/ritchiesprojectilelib, mod/ponder, mod/create, mod/cbc_at, mod/neoforge, mod/jei
[23Mai2026 07:06:13.842] [NeoForge Version Check/INFO] [net.neoforged.fml.VersionChecker/]: [create] Starting version check at https://api.modrinth.com/updates/create/forge_updates.json?neoforge=only
[23Mai2026 07:06:13.866] [Worker-Main-11/INFO] [net.minecraft.client.gui.font.providers.UnihexProvider/]: Found unifont_all_no_pua-15.1.05.hex, loading
[23Mai2026 07:06:13.921] [Worker-Main-1/INFO] [net.minecraft.client.gui.font.providers.UnihexProvider/]: Found unifont_jp_patch-15.1.05.hex, loading
[23Mai2026 07:06:14.300] [NeoForge Version Check/INFO] [net.neoforged.fml.VersionChecker/]: [create] Found status: OUTDATED Current: 6.0.10 Target: 6.0.10+mc1.21.1
[23Mai2026 07:06:14.700] [Worker-Main-5/WARN] [net.minecraft.client.resources.model.ModelBakery/]: Unable to load model: 'cbc_at:block/rocket_pod/cast_iron_assembled_rocket_pod_rail' referenced from: cbc_at:block/rocket_pod/cast_iron_assembled_rocket_pod_rail: java.io.FileNotFoundException: cbc_at:models/block/rocket_pod/cast_iron_assembled_rocket_pod_rail.json
[23Mai2026 07:06:14.701] [Worker-Main-5/WARN] [net.minecraft.client.resources.model.ModelBakery/]: Unable to load model: 'cbc_at:block/rocket_pod/bronze_assembled_rocket_pod_rail' referenced from: cbc_at:block/rocket_pod/bronze_assembled_rocket_pod_rail: java.io.FileNotFoundException: cbc_at:models/block/rocket_pod/bronze_assembled_rocket_pod_rail.json
[23Mai2026 07:06:14.701] [Worker-Main-5/WARN] [net.minecraft.client.resources.model.ModelBakery/]: Unable to load model: 'cbc_at:block/rocket_pod/steel_assembled_rocket_pod_rail' referenced from: cbc_at:block/rocket_pod/steel_assembled_rocket_pod_rail: java.io.FileNotFoundException: cbc_at:models/block/rocket_pod/steel_assembled_rocket_pod_rail.json
[23Mai2026 07:06:14.702] [Worker-Main-5/WARN] [net.minecraft.client.resources.model.ModelBakery/]: Unable to load model: 'cbc_at:block/medium_rocket_rail/wrought_iron_assembled_medium_rocket_rail' referenced from: cbc_at:block/medium_rocket_rail/wrought_iron_assembled_medium_rocket_rail: java.io.FileNotFoundException: cbc_at:models/block/medium_rocket_rail/wrought_iron_assembled_medium_rocket_rail.json
[23Mai2026 07:06:14.705] [Worker-Main-5/WARN] [net.minecraft.client.resources.model.ModelBakery/]: Unable to load model: 'cbc_at:block/twin_autocannon/cast_iron_assembled_vert_twin_autocannon_silencer' referenced from: cbc_at:block/twin_autocannon/cast_iron_assembled_vert_twin_autocannon_silencer: java.io.FileNotFoundException: cbc_at:models/block/twin_autocannon/cast_iron_assembled_vert_twin_autocannon_silencer.json
[23Mai2026 07:06:14.705] [Worker-Main-5/WARN] [net.minecraft.client.resources.model.ModelBakery/]: Unable to load model: 'cbc_at:block/twin_autocannon/cast_iron_assembled_vert_twin_autocannon_muzzle_brake' referenced from: cbc_at:block/twin_autocannon/cast_iron_assembled_vert_twin_autocannon_muzzle_brake: java.io.FileNotFoundException: cbc_at:models/block/twin_autocannon/cast_iron_assembled_vert_twin_autocannon_muzzle_brake.json
[23Mai2026 07:06:14.708] [Worker-Main-5/WARN] [net.minecraft.client.resources.model.BlockStateModelLoader/]: Exception loading blockstate definition: 'cbc_at:blockstates/unbored_cast_iron_rocket_pod_rail.json' missing model for variant: 'cbc_at:unbored_cast_iron_rocket_pod_rail#assembled=true,facing=up,waterlogged=true'
[23Mai2026 07:06:14.709] [Worker-Main-5/WARN] [net.minecraft.client.resources.model.BlockStateModelLoader/]: Exception loading blockstate definition: 'cbc_at:blockstates/unbored_cast_iron_rocket_pod_rail.json' missing model for variant: 'cbc_at:unbored_cast_iron_rocket_pod_rail#assembled=true,facing=down,waterlogged=true'
[23Mai2026 07:06:14.709] [Worker-Main-5/WARN] [net.minecraft.client.resources.model.BlockStateModelLoader/]: Exception loading blockstate definition: 'cbc_at:blockstates/unbored_cast_iron_rocket_pod_rail.json' missing model for variant: 'cbc_at:unbored_cast_iron_rocket_pod_rail#assembled=true,facing=up,waterlogged=false'
[23Mai2026 07:06:14.709] [Worker-Main-5/WARN] [net.minecraft.client.resources.model.BlockStateModelLoader/]: Exception loading blockstate definition: 'cbc_at:blockstates/unbored_cast_iron_rocket_pod_rail.json' missing model for variant: 'cbc_at:unbored_cast_iron_rocket_pod_rail#assembled=true,facing=south,waterlogged=false'
[23Mai2026 07:06:14.709] [Worker-Main-5/WARN] [net.minecraft.client.resources.model.BlockStateModelLoader/]: Exception loading blockstate definition: 'cbc_at:blockstates/unbored_cast_iron_rocket_pod_rail.json' missing model for variant: 'cbc_at:unbored_cast_iron_rocket_pod_rail#assembled=true,facing=west,waterlogged=true'
[23Mai2026 07:06:14.709] [Worker-Main-5/WARN] [net.minecraft.client.resources.model.BlockStateModelLoader/]: Exception loading blockstate definition: 'cbc_at:blockstates/unbored_cast_iron_rocket_pod_rail.json' missing model for variant: 'cbc_at:unbored_cast_iron_rocket_pod_rail#assembled=true,facing=north,waterlogged=false'
[23Mai2026 07:06:14.709] [Worker-Main-5/WARN] [net.minecraft.client.resources.model.BlockStateModelLoader/]: Exception loading blockstate definition: 'cbc_at:blockstates/unbored_cast_iron_rocket_pod_rail.json' missing model for variant: 'cbc_at:unbored_cast_iron_rocket_pod_rail#assembled=true,facing=down,waterlogged=false'
[23Mai2026 07:06:14.709] [Worker-Main-5/WARN] [net.minecraft.client.resources.model.BlockStateModelLoader/]: Exception loading blockstate definition: 'cbc_at:blockstates/unbored_cast_iron_rocket_pod_rail.json' missing model for variant: 'cbc_at:unbored_cast_iron_rocket_pod_rail#assembled=true,facing=east,waterlogged=true'
[23Mai2026 07:06:14.709] [Worker-Main-5/WARN] [net.minecraft.client.resources.model.BlockStateModelLoader/]: Exception loading blockstate definition: 'cbc_at:blockstates/unbored_cast_iron_rocket_pod_rail.json' missing model for variant: 'cbc_at:unbored_cast_iron_rocket_pod_rail#assembled=true,facing=south,waterlogged=true'
[23Mai2026 07:06:14.709] [Worker-Main-5/WARN] [net.minecraft.client.resources.model.BlockStateModelLoader/]: Exception loading blockstate definition: 'cbc_at:blockstates/unbored_cast_iron_rocket_pod_rail.json' missing model for variant: 'cbc_at:unbored_cast_iron_rocket_pod_rail#assembled=true,facing=north,waterlogged=true'
[23Mai2026 07:06:14.709] [Worker-Main-5/WARN] [net.minecraft.client.resources.model.BlockStateModelLoader/]: Exception loading blockstate definition: 'cbc_at:blockstates/unbored_cast_iron_rocket_pod_rail.json' missing model for variant: 'cbc_at:unbored_cast_iron_rocket_pod_rail#assembled=true,facing=east,waterlogged=false'
[23Mai2026 07:06:14.709] [Worker-Main-5/WARN] [net.minecraft.client.resources.model.BlockStateModelLoader/]: Exception loading blockstate definition: 'cbc_at:blockstates/unbored_cast_iron_rocket_pod_rail.json' missing model for variant: 'cbc_at:unbored_cast_iron_rocket_pod_rail#assembled=true,facing=west,waterlogged=false'
[23Mai2026 07:06:14.709] [Worker-Main-5/WARN] [net.minecraft.client.resources.model.BlockStateModelLoader/]: Exception loading blockstate definition: 'cbc_at:blockstates/unbored_bronze_rocket_pod_rail.json' missing model for variant: 'cbc_at:unbored_bronze_rocket_pod_rail#assembled=true,facing=up,waterlogged=false'
[23Mai2026 07:06:14.709] [Worker-Main-5/WARN] [net.minecraft.client.resources.model.BlockStateModelLoader/]: Exception loading blockstate definition: 'cbc_at:blockstates/unbored_bronze_rocket_pod_rail.json' missing model for variant: 'cbc_at:unbored_bronze_rocket_pod_rail#assembled=true,facing=north,waterlogged=false'
[23Mai2026 07:06:14.709] [Worker-Main-5/WARN] [net.minecraft.client.resources.model.BlockStateModelLoader/]: Exception loading blockstate definition: 'cbc_at:blockstates/unbored_bronze_rocket_pod_rail.json' missing model for variant: 'cbc_at:unbored_bronze_rocket_pod_rail#assembled=true,facing=south,waterlogged=true'
[23Mai2026 07:06:14.709] [Worker-Main-5/WARN] [net.minecraft.client.resources.model.BlockStateModelLoader/]: Exception loading blockstate definition: 'cbc_at:blockstates/unbored_bronze_rocket_pod_rail.json' missing model for variant: 'cbc_at:unbored_bronze_rocket_pod_rail#assembled=true,facing=down,waterlogged=true'
[23Mai2026 07:06:14.709] [Worker-Main-5/WARN] [net.minecraft.client.resources.model.BlockStateModelLoader/]: Exception loading blockstate definition: 'cbc_at:blockstates/unbored_bronze_rocket_pod_rail.json' missing model for variant: 'cbc_at:unbored_bronze_rocket_pod_rail#assembled=true,facing=south,waterlogged=false'
[23Mai2026 07:06:14.709] [Worker-Main-5/WARN] [net.minecraft.client.resources.model.BlockStateModelLoader/]: Exception loading blockstate definition: 'cbc_at:blockstates/unbored_bronze_rocket_pod_rail.json' missing model for variant: 'cbc_at:unbored_bronze_rocket_pod_rail#assembled=true,facing=west,waterlogged=true'
[23Mai2026 07:06:14.709] [Worker-Main-5/WARN] [net.minecraft.client.resources.model.BlockStateModelLoader/]: Exception loading blockstate definition: 'cbc_at:blockstates/unbored_bronze_rocket_pod_rail.json' missing model for variant: 'cbc_at:unbored_bronze_rocket_pod_rail#assembled=true,facing=east,waterlogged=true'
[23Mai2026 07:06:14.709] [Worker-Main-5/WARN] [net.minecraft.client.resources.model.BlockStateModelLoader/]: Exception loading blockstate definition: 'cbc_at:blockstates/unbored_bronze_rocket_pod_rail.json' missing model for variant: 'cbc_at:unbored_bronze_rocket_pod_rail#assembled=true,facing=west,waterlogged=false'
[23Mai2026 07:06:14.709] [Worker-Main-5/WARN] [net.minecraft.client.resources.model.BlockStateModelLoader/]: Exception loading blockstate definition: 'cbc_at:blockstates/unbored_bronze_rocket_pod_rail.json' missing model for variant: 'cbc_at:unbored_bronze_rocket_pod_rail#assembled=true,facing=down,waterlogged=false'
[23Mai2026 07:06:14.709] [Worker-Main-5/WARN] [net.minecraft.client.resources.model.BlockStateModelLoader/]: Exception loading blockstate definition: 'cbc_at:blockstates/unbored_bronze_rocket_pod_rail.json' missing model for variant: 'cbc_at:unbored_bronze_rocket_pod_rail#assembled=true,facing=north,waterlogged=true'
[23Mai2026 07:06:14.709] [Worker-Main-5/WARN] [net.minecraft.client.resources.model.BlockStateModelLoader/]: Exception loading blockstate definition: 'cbc_at:blockstates/unbored_bronze_rocket_pod_rail.json' missing model for variant: 'cbc_at:unbored_bronze_rocket_pod_rail#assembled=true,facing=east,waterlogged=false'
[23Mai2026 07:06:14.709] [Worker-Main-5/WARN] [net.minecraft.client.resources.model.BlockStateModelLoader/]: Exception loading blockstate definition: 'cbc_at:blockstates/unbored_bronze_rocket_pod_rail.json' missing model for variant: 'cbc_at:unbored_bronze_rocket_pod_rail#assembled=true,facing=up,waterlogged=true'
[23Mai2026 07:06:14.711] [Worker-Main-5/WARN] [net.minecraft.client.resources.model.ModelBakery/]: Unable to load model: 'cbc_at:block/autocannon/unbored_cast_iron_assembled_autocannon_silencer' referenced from: cbc_at:block/autocannon/unbored_cast_iron_assembled_autocannon_silencer: java.io.FileNotFoundException: cbc_at:models/block/autocannon/unbored_cast_iron_assembled_autocannon_silencer.json
[23Mai2026 07:06:14.712] [Worker-Main-5/WARN] [net.minecraft.client.resources.model.ModelBakery/]: Unable to load model: 'cbc_at:block/autocannon/unbored_bronze_assembled_autocannon_silencer' referenced from: cbc_at:block/autocannon/unbored_bronze_assembled_autocannon_silencer: java.io.FileNotFoundException: cbc_at:models/block/autocannon/unbored_bronze_assembled_autocannon_silencer.json
[23Mai2026 07:06:14.712] [Worker-Main-5/WARN] [net.minecraft.client.resources.model.ModelBakery/]: Unable to load model: 'cbc_at:block/autocannon/unbored_steel_assembled_autocannon_silencer' referenced from: cbc_at:block/autocannon/unbored_steel_assembled_autocannon_silencer: java.io.FileNotFoundException: cbc_at:models/block/autocannon/unbored_steel_assembled_autocannon_silencer.json
[23Mai2026 07:06:14.713] [Worker-Main-5/WARN] [net.minecraft.client.resources.model.ModelBakery/]: Unable to load model: 'cbc_at:block/autocannon/unbored_cast_iron_assembled_autocannon_muzzle_brake' referenced from: cbc_at:block/autocannon/unbored_cast_iron_assembled_autocannon_muzzle_brake: java.io.FileNotFoundException: cbc_at:models/block/autocannon/unbored_cast_iron_assembled_autocannon_muzzle_brake.json
[23Mai2026 07:06:14.713] [Worker-Main-5/WARN] [net.minecraft.client.resources.model.ModelBakery/]: Unable to load model: 'cbc_at:block/autocannon/unbored_bronze_assembled_autocannon_muzzle_brake' referenced from: cbc_at:block/autocannon/unbored_bronze_assembled_autocannon_muzzle_brake: java.io.FileNotFoundException: cbc_at:models/block/autocannon/unbored_bronze_assembled_autocannon_muzzle_brake.json
[23Mai2026 07:06:14.713] [Worker-Main-5/WARN] [net.minecraft.client.resources.model.ModelBakery/]: Unable to load model: 'cbc_at:block/autocannon/unbored_steel_assembled_autocannon_muzzle_brake' referenced from: cbc_at:block/autocannon/unbored_steel_assembled_autocannon_muzzle_brake: java.io.FileNotFoundException: cbc_at:models/block/autocannon/unbored_steel_assembled_autocannon_muzzle_brake.json
[23Mai2026 07:06:14.724] [Worker-Main-5/WARN] [net.minecraft.client.resources.model.ModelBakery/]: Unable to load model: 'cbc_at:block/heavy_autocannon/cast_iron_recoil_spring' referenced from: cbc_at:block/heavy_autocannon/cast_iron_recoil_spring: java.io.FileNotFoundException: cbc_at:models/block/heavy_autocannon/cast_iron_recoil_spring.json
[23Mai2026 07:06:14.724] [Worker-Main-5/WARN] [net.minecraft.client.resources.model.ModelBakery/]: Unable to load model: 'cbc_at:block/heavy_autocannon/steel_recoil_spring' referenced from: cbc_at:block/heavy_autocannon/steel_recoil_spring: java.io.FileNotFoundException: cbc_at:models/block/heavy_autocannon/steel_recoil_spring.json
[23Mai2026 07:06:14.725] [Worker-Main-5/WARN] [net.minecraft.client.resources.model.ModelBakery/]: Unable to load model: 'cbc_at:block/heavy_autocannon/bronze_recoil_spring' referenced from: cbc_at:block/heavy_autocannon/bronze_recoil_spring: java.io.FileNotFoundException: cbc_at:models/block/heavy_autocannon/bronze_recoil_spring.json
[23Mai2026 07:06:15.275] [Worker-Main-5/WARN] [net.minecraft.client.resources.model.ModelManager/]: Missing textures in model cbc_at:block/twin_autocannon/cast_iron_vert_recoil_spring#standalone:
    minecraft:textures/atlas/blocks.png:minecraft:0
[23Mai2026 07:06:15.276] [Worker-Main-5/WARN] [net.minecraft.client.resources.model.ModelManager/]: Missing textures in model cbc_at:unbored_bronze_fume_extractor#facing=up:
    minecraft:textures/atlas/blocks.png:minecraft:bronze_cannon_barrel_side
[23Mai2026 07:06:15.276] [Worker-Main-5/WARN] [net.minecraft.client.resources.model.ModelManager/]: Missing textures in model cbc_at:block/twin_autocannon/bronze_recoil_spring#standalone:
    minecraft:textures/atlas/blocks.png:minecraft:0
[23Mai2026 07:06:15.276] [Worker-Main-5/WARN] [net.minecraft.client.resources.model.ModelManager/]: Missing textures in model cbc_at:unbored_steel_rocket_pod_breech#inventory:
    minecraft:textures/atlas/blocks.png:cbc_at:block/bronze_rocket_pod
[23Mai2026 07:06:15.276] [Worker-Main-5/WARN] [net.minecraft.client.resources.model.ModelManager/]: Missing textures in model cbc_at:unbored_steel_rocket_pod_rail#inventory:
    minecraft:textures/atlas/blocks.png:cbc_at:block/bronze_rocket_pod
[23Mai2026 07:06:15.276] [Worker-Main-5/WARN] [net.minecraft.client.resources.model.ModelManager/]: Missing textures in model cbc_at:wrought_iron_medium_rocket_rail#inventory:
    minecraft:textures/atlas/blocks.png:cbc_at:block/bronze_medium_rocket_rail
[23Mai2026 07:06:15.276] [Worker-Main-5/WARN] [net.minecraft.client.resources.model.ModelManager/]: Missing textures in model cbc_at:unbored_cast_iron_rocket_pod_breech#inventory:
    minecraft:textures/atlas/blocks.png:cbc_at:block/cast_iron_rocket_pod
[23Mai2026 07:06:15.276] [Worker-Main-5/WARN] [net.minecraft.client.resources.model.ModelManager/]: Missing textures in model cbc_at:wrought_iron_medium_rocket_rail_breech#inventory:
    minecraft:textures/atlas/blocks.png:cbc_at:block/bronze_medium_rocket_rail
[23Mai2026 07:06:15.276] [Worker-Main-5/WARN] [net.minecraft.client.resources.model.ModelManager/]: Missing textures in model cbc_at:heavy_autocannon_empty_cartridge#inventory:
    minecraft:textures/atlas/blocks.png:minecraft:cartridge_side
[23Mai2026 07:06:15.276] [Worker-Main-5/WARN] [net.minecraft.client.resources.model.ModelManager/]: Missing textures in model cbc_at:steel_rocket_pod_rail#inventory:
    minecraft:textures/atlas/blocks.png:cbc_at:block/bronze_rocket_pod
[23Mai2026 07:06:15.276] [Worker-Main-5/WARN] [net.minecraft.client.resources.model.ModelManager/]: Missing textures in model cbc_at:unbored_bronze_rocket_pod_rail#inventory:
    minecraft:textures/atlas/blocks.png:cbc_at:block/bronze_rocket_pod
[23Mai2026 07:06:15.276] [Worker-Main-5/WARN] [net.minecraft.client.resources.model.ModelManager/]: Missing textures in model cbc_at:unbored_bronze_fume_extractor#facing=down:
    minecraft:textures/atlas/blocks.png:minecraft:bronze_cannon_barrel_side
[23Mai2026 07:06:15.276] [Worker-Main-5/WARN] [net.minecraft.client.resources.model.ModelManager/]: Missing textures in model cbc_at:bronze_fume_extractor#inventory:
    minecraft:textures/atlas/blocks.png:minecraft:bronze_cannon_barrel_side
[23Mai2026 07:06:15.276] [Worker-Main-5/WARN] [net.minecraft.client.resources.model.ModelManager/]: Missing textures in model cbc_at:bronze_rocket_pod_breech#inventory:
    minecraft:textures/atlas/blocks.png:cbc_at:block/bronze_rocket_pod
[23Mai2026 07:06:15.276] [Worker-Main-5/WARN] [net.minecraft.client.resources.model.ModelManager/]: Missing textures in model cbc_at:bronze_rocket_pod_rail#inventory:
    minecraft:textures/atlas/blocks.png:cbc_at:block/bronze_rocket_pod
[23Mai2026 07:06:15.276] [Worker-Main-5/WARN] [net.minecraft.client.resources.model.ModelManager/]: Missing textures in model cbc_at:cast_iron_rocket_pod_breech#inventory:
    minecraft:textures/atlas/blocks.png:cbc_at:block/cast_iron_rocket_pod
[23Mai2026 07:06:15.276] [Worker-Main-5/WARN] [net.minecraft.client.resources.model.ModelManager/]: Missing textures in model cbc_at:unbored_cast_iron_rocket_pod_rail#inventory:
    minecraft:textures/atlas/blocks.png:cbc_at:block/cast_iron_rocket_pod
[23Mai2026 07:06:15.276] [Worker-Main-5/WARN] [net.minecraft.client.resources.model.ModelManager/]: Missing textures in model cbc_at:built_up_nethersteel_rifled_barrel#inventory:
    minecraft:textures/atlas/blocks.png:cbc_at:block/built_up_nethersteel_barrel_side
[23Mai2026 07:06:15.276] [Worker-Main-5/WARN] [net.minecraft.client.resources.model.ModelManager/]: Missing textures in model cbc_at:unbored_bronze_fume_extractor#facing=west:
    minecraft:textures/atlas/blocks.png:minecraft:bronze_cannon_barrel_side
[23Mai2026 07:06:15.276] [Worker-Main-5/WARN] [net.minecraft.client.resources.model.ModelManager/]: Missing textures in model cbc_at:block/twin_autocannon/bronze_vert_recoil_spring#standalone:
    minecraft:textures/atlas/blocks.png:minecraft:0
[23Mai2026 07:06:15.276] [Worker-Main-5/WARN] [net.minecraft.client.resources.model.ModelManager/]: Missing textures in model cbc_at:unbored_bronze_rocket_pod_breech#inventory:
    minecraft:textures/atlas/blocks.png:cbc_at:block/bronze_rocket_pod
[23Mai2026 07:06:15.276] [Worker-Main-5/WARN] [net.minecraft.client.resources.model.ModelManager/]: Missing textures in model cbc_at:steel_rocket_pod_breech#inventory:
    minecraft:textures/atlas/blocks.png:cbc_at:block/bronze_rocket_pod
[23Mai2026 07:06:15.276] [Worker-Main-5/WARN] [net.minecraft.client.resources.model.ModelManager/]: Missing textures in model cbc_at:unbored_bronze_fume_extractor#facing=east:
    minecraft:textures/atlas/blocks.png:minecraft:bronze_cannon_barrel_side
[23Mai2026 07:06:15.276] [Worker-Main-5/WARN] [net.minecraft.client.resources.model.ModelManager/]: Missing textures in model cbc_at:unbored_bronze_fume_extractor#facing=north:
    minecraft:textures/atlas/blocks.png:minecraft:bronze_cannon_barrel_side
[23Mai2026 07:06:15.276] [Worker-Main-5/WARN] [net.minecraft.client.resources.model.ModelManager/]: Missing textures in model cbc_at:unbored_bronze_fume_extractor#facing=south:
    minecraft:textures/atlas/blocks.png:minecraft:bronze_cannon_barrel_side
[23Mai2026 07:06:15.276] [Worker-Main-5/WARN] [net.minecraft.client.resources.model.ModelManager/]: Missing textures in model cbc_at:block/twin_autocannon/cast_iron_recoil_spring#standalone:
    minecraft:textures/atlas/blocks.png:minecraft:0
[23Mai2026 07:06:15.276] [Worker-Main-5/WARN] [net.minecraft.client.resources.model.ModelManager/]: Missing textures in model cbc_at:heavy_autocannon_qfbreech_mould#inventory:
    minecraft:textures/atlas/blocks.png:minecraft:cast_mould
[23Mai2026 07:06:15.276] [Worker-Main-5/WARN] [net.minecraft.client.resources.model.ModelManager/]: Missing textures in model cbc_at:cast_iron_rocket_pod_rail#inventory:
    minecraft:textures/atlas/blocks.png:cbc_at:block/cast_iron_rocket_pod
[23Mai2026 07:06:15.276] [Worker-Main-5/WARN] [net.minecraft.client.resources.model.ModelManager/]: Missing textures in model cbc_at:unbored_bronze_fume_extractor#inventory:
    minecraft:textures/atlas/blocks.png:minecraft:bronze_cannon_barrel_side
[23Mai2026 07:06:15.456] [Worker-Main-4/INFO] [PonderIndex/]: Registering Ponder Scenes took 75.45 ms
[23Mai2026 07:06:15.461] [Worker-Main-4/INFO] [PonderIndex/]: Registering Ponder Tags took 4.353 ms
[23Mai2026 07:06:15.587] [Render thread/WARN] [net.minecraft.client.sounds.SoundEngine/]: Missing sound for event: minecraft:item.goat_horn.play
[23Mai2026 07:06:15.587] [Render thread/WARN] [net.minecraft.client.sounds.SoundEngine/]: Missing sound for event: minecraft:entity.goat.screaming.horn_break
[23Mai2026 07:06:15.633] [Render thread/INFO] [com.mojang.blaze3d.audio.Library/]: OpenAL initialized on device OpenAL Soft on Realtek HD Audio 2nd output (Realtek(R) Audio)
[23Mai2026 07:06:15.634] [Render thread/INFO] [net.minecraft.client.sounds.SoundEngine/SOUNDS]: Sound engine started
[23Mai2026 07:06:15.739] [Render thread/INFO] [net.minecraft.client.renderer.texture.TextureAtlas/]: Created: 2048x1024x4 minecraft:textures/atlas/blocks.png-atlas
[23Mai2026 07:06:15.748] [Render thread/INFO] [net.minecraft.client.renderer.texture.TextureAtlas/]: Created: 256x256x4 minecraft:textures/atlas/signs.png-atlas
[23Mai2026 07:06:15.748] [Render thread/INFO] [net.minecraft.client.renderer.texture.TextureAtlas/]: Created: 512x512x4 minecraft:textures/atlas/shield_patterns.png-atlas
[23Mai2026 07:06:15.748] [Render thread/INFO] [net.minecraft.client.renderer.texture.TextureAtlas/]: Created: 512x512x4 minecraft:textures/atlas/banner_patterns.png-atlas
[23Mai2026 07:06:15.749] [Render thread/INFO] [net.minecraft.client.renderer.texture.TextureAtlas/]: Created: 2048x1024x4 minecraft:textures/atlas/armor_trims.png-atlas
[23Mai2026 07:06:15.752] [Render thread/INFO] [net.minecraft.client.renderer.texture.TextureAtlas/]: Created: 128x64x4 minecraft:textures/atlas/decorated_pot.png-atlas
[23Mai2026 07:06:15.753] [Render thread/INFO] [net.minecraft.client.renderer.texture.TextureAtlas/]: Created: 256x256x4 minecraft:textures/atlas/chest.png-atlas
[23Mai2026 07:06:15.753] [Render thread/INFO] [net.minecraft.client.renderer.texture.TextureAtlas/]: Created: 512x256x4 minecraft:textures/atlas/shulker_boxes.png-atlas
[23Mai2026 07:06:15.753] [Render thread/INFO] [net.minecraft.client.renderer.texture.TextureAtlas/]: Created: 512x256x4 minecraft:textures/atlas/beds.png-atlas
[23Mai2026 07:06:15.833] [Render thread/INFO] [net.minecraft.client.renderer.texture.TextureAtlas/]: Created: 512x256x0 minecraft:textures/atlas/particles.png-atlas
[23Mai2026 07:06:15.835] [Render thread/INFO] [net.minecraft.client.renderer.texture.TextureAtlas/]: Created: 512x256x0 minecraft:textures/atlas/paintings.png-atlas
[23Mai2026 07:06:15.835] [Render thread/INFO] [net.minecraft.client.renderer.texture.TextureAtlas/]: Created: 256x128x0 minecraft:textures/atlas/mob_effects.png-atlas
[23Mai2026 07:06:15.835] [Render thread/INFO] [net.minecraft.client.renderer.texture.TextureAtlas/]: Created: 64x64x0 minecraft:textures/atlas/map_decorations.png-atlas
[23Mai2026 07:06:15.835] [Render thread/INFO] [net.minecraft.client.renderer.texture.TextureAtlas/]: Created: 1024x512x0 minecraft:textures/atlas/gui.png-atlas
[23Mai2026 07:06:15.848] [Render thread/WARN] [net.minecraft.client.renderer.ShaderInstance/]: Shader rendertype_entity_translucent_emissive could not find sampler named Sampler2 in the specified shader program.
[23Mai2026 07:06:15.935] [Render thread/INFO] [flywheel/backend/shaders/]: Loaded 77 shader sources in 16,165 ms
[23Mai2026 07:06:15.951] [Render thread/INFO] [com.simibubi.create.Create/]: Loaded 58 train hat configurations.
[23Mai2026 07:06:15.952] [Render thread/INFO] [net.neoforged.neoforge.client.entity.animation.json.AnimationLoader/]: Loaded 0 entity animations
[23Mai2026 07:06:15.952] [Render thread/INFO] [net.minecraft.client.renderer.texture.TextureAtlas/]: Created: 256x256x0 jei:textures/atlas/gui.png-atlas
[23Mai2026 07:06:19.199] [Render thread/INFO] [com.simibubi.create.Create/]: Created 157 recipes which will be injected into the game
[23Mai2026 07:06:19.202] [Render thread/INFO] [com.simibubi.create.Create/]: Created 0 tags which will be injected into the game
[23Mai2026 07:06:20.098] [Render thread/ERROR] [net.minecraft.world.item.crafting.RecipeManager/]: Parsing error loading recipe cbc_at:munition/rocket/rocket_fuzing
com.google.gson.JsonParseException: Unknown registry key in ResourceKey[minecraft:root / minecraft:recipe_serializer]: cbc_at:rocket_munition_fuzing
	at MC-BOOTSTRAP/datafixerupper@8.0.16/com.mojang.serialization.DataResult$Error.getOrThrow(DataResult.java:287) ~[datafixerupper-8.0.16.jar%23121!/:?]
	at TRANSFORMER/minecraft@1.21.1/net.minecraft.world.item.crafting.RecipeManager.apply(RecipeManager.java:60) ~[neoforge-21.1.227.jar%23189!/:?]
	at TRANSFORMER/minecraft@1.21.1/net.minecraft.world.item.crafting.RecipeManager.apply(RecipeManager.java:36) ~[neoforge-21.1.227.jar%23189!/:?]
	at TRANSFORMER/minecraft@1.21.1/net.minecraft.server.packs.resources.SimplePreparableReloadListener.lambda$reload$1(SimplePreparableReloadListener.java:19) ~[neoforge-21.1.227.jar%23189!/:?]
	at java.base/java.util.concurrent.CompletableFuture$UniAccept.tryFire$$$capture(CompletableFuture.java:718) ~[?:?]
	at java.base/java.util.concurrent.CompletableFuture$UniAccept.tryFire(CompletableFuture.java) ~[?:?]
	at java.base/java.util.concurrent.CompletableFuture$Completion.run(CompletableFuture.java:482) ~[?:?]
	at TRANSFORMER/minecraft@1.21.1/net.minecraft.server.packs.resources.SimpleReloadInstance.lambda$new$3(SimpleReloadInstance.java:86) ~[neoforge-21.1.227.jar%23189!/:?]
	at TRANSFORMER/minecraft@1.21.1/net.minecraft.util.thread.BlockableEventLoop.doRunTask(BlockableEventLoop.java:151) ~[neoforge-21.1.227.jar%23189!/:?]
	at TRANSFORMER/minecraft@1.21.1/net.minecraft.util.thread.ReentrantBlockableEventLoop.doRunTask(ReentrantBlockableEventLoop.java:24) ~[neoforge-21.1.227.jar%23189!/:?]
	at TRANSFORMER/minecraft@1.21.1/net.minecraft.util.thread.BlockableEventLoop.pollTask(BlockableEventLoop.java:122) ~[neoforge-21.1.227.jar%23189!/:?]
	at TRANSFORMER/minecraft@1.21.1/net.minecraft.util.thread.BlockableEventLoop.managedBlock(BlockableEventLoop.java:135) ~[neoforge-21.1.227.jar%23189!/:?]
	at TRANSFORMER/minecraft@1.21.1/net.minecraft.client.gui.screens.worldselection.WorldOpenFlows.loadWorldDataBlocking(WorldOpenFlows.java:201) ~[neoforge-21.1.227.jar%23189!/:?]
	at TRANSFORMER/minecraft@1.21.1/net.minecraft.client.gui.screens.worldselection.WorldOpenFlows.loadWorldStem(WorldOpenFlows.java:142) ~[neoforge-21.1.227.jar%23189!/:?]
	at TRANSFORMER/minecraft@1.21.1/net.minecraft.client.gui.screens.worldselection.WorldOpenFlows.openWorldLoadLevelStem(WorldOpenFlows.java:346) ~[neoforge-21.1.227.jar%23189!/:?]
	at TRANSFORMER/minecraft@1.21.1/net.minecraft.client.gui.screens.worldselection.WorldOpenFlows.openWorldCheckVersionCompatibility(WorldOpenFlows.java:335) ~[neoforge-21.1.227.jar%23189!/:?]
	at TRANSFORMER/minecraft@1.21.1/net.minecraft.client.gui.screens.worldselection.WorldOpenFlows.openWorldLoadLevelData(WorldOpenFlows.java:297) ~[neoforge-21.1.227.jar%23189!/:?]
	at TRANSFORMER/minecraft@1.21.1/net.minecraft.client.gui.screens.worldselection.WorldOpenFlows.openWorld(WorldOpenFlows.java:261) ~[neoforge-21.1.227.jar%23189!/:?]
	at TRANSFORMER/minecraft@1.21.1/net.minecraft.client.gui.screens.worldselection.WorldSelectionList$WorldListEntry.joinWorld(WorldSelectionList.java:498) ~[neoforge-21.1.227.jar%23189!/:?]
	at TRANSFORMER/minecraft@1.21.1/net.minecraft.client.gui.screens.worldselection.WorldSelectionList$WorldListEntry.mouseClicked(WorldSelectionList.java:481) ~[neoforge-21.1.227.jar%23189!/:?]
	at TRANSFORMER/minecraft@1.21.1/net.minecraft.client.gui.components.AbstractSelectionList.mouseClicked(AbstractSelectionList.java:303) ~[neoforge-21.1.227.jar%23189!/:?]
	at TRANSFORMER/minecraft@1.21.1/net.minecraft.client.gui.components.events.ContainerEventHandler.mouseClicked(ContainerEventHandler.java:43) ~[neoforge-21.1.227.jar%23189!/:?]
	at TRANSFORMER/minecraft@1.21.1/net.minecraft.client.MouseHandler.lambda$onPress$0(MouseHandler.java:98) ~[neoforge-21.1.227.jar%23189!/:?]
	at TRANSFORMER/minecraft@1.21.1/net.minecraft.client.gui.screens.Screen.wrapScreenError(Screen.java:451) ~[neoforge-21.1.227.jar%23189!/:?]
	at TRANSFORMER/minecraft@1.21.1/net.minecraft.client.MouseHandler.onPress(MouseHandler.java:95) ~[neoforge-21.1.227.jar%23189!/:?]
	at TRANSFORMER/minecraft@1.21.1/net.minecraft.client.MouseHandler.lambda$setup$4(MouseHandler.java:207) ~[neoforge-21.1.227.jar%23189!/:?]
	at TRANSFORMER/minecraft@1.21.1/net.minecraft.util.thread.BlockableEventLoop.execute(BlockableEventLoop.java:98) ~[neoforge-21.1.227.jar%23189!/:?]
	at TRANSFORMER/minecraft@1.21.1/net.minecraft.client.MouseHandler.lambda$setup$5(MouseHandler.java:207) ~[neoforge-21.1.227.jar%23189!/:?]
	at MC-BOOTSTRAP/org.lwjgl.glfw@3.3.3+5/org.lwjgl.glfw.GLFWMouseButtonCallbackI.callback(GLFWMouseButtonCallbackI.java:43) ~[lwjgl-glfw-3.3.3.jar%23172!/:build 5]
	at MC-BOOTSTRAP/org.lwjgl@3.3.3+5/org.lwjgl.system.JNI.invokeV(Native Method) ~[lwjgl-3.3.3.jar%23183!/:build 5]
	at MC-BOOTSTRAP/org.lwjgl.glfw@3.3.3+5/org.lwjgl.glfw.GLFW.glfwWaitEventsTimeout(GLFW.java:3509) ~[lwjgl-glfw-3.3.3.jar%23172!/:build 5]
	at TRANSFORMER/minecraft@1.21.1/com.mojang.blaze3d.systems.RenderSystem.limitDisplayFPS(RenderSystem.java:162) ~[neoforge-21.1.227.jar%23189!/:?]
	at TRANSFORMER/minecraft@1.21.1/net.minecraft.client.Minecraft.runTick(Minecraft.java:1226) ~[neoforge-21.1.227.jar%23189!/:?]
	at TRANSFORMER/minecraft@1.21.1/net.minecraft.client.Minecraft.run(Minecraft.java:813) ~[neoforge-21.1.227.jar%23189!/:?]
	at TRANSFORMER/minecraft@1.21.1/net.minecraft.client.main.Main.main(Main.java:230) ~[neoforge-21.1.227.jar%23189!/:?]
	at java.base/jdk.internal.reflect.DirectMethodHandleAccessor.invoke(DirectMethodHandleAccessor.java:103) ~[?:?]
	at java.base/java.lang.reflect.Method.invoke(Method.java:580) ~[?:?]
	at MC-BOOTSTRAP/fml_loader@4.0.42/net.neoforged.fml.loading.targets.CommonLaunchHandler.runTarget(CommonLaunchHandler.java:136) ~[loader-4.0.42.jar%23146!/:4.0]
	at MC-BOOTSTRAP/fml_loader@4.0.42/net.neoforged.fml.loading.targets.CommonLaunchHandler.clientService(CommonLaunchHandler.java:124) ~[loader-4.0.42.jar%23146!/:4.0]
	at MC-BOOTSTRAP/fml_loader@4.0.42/net.neoforged.fml.loading.targets.NeoForgeClientDevLaunchHandler.runService(NeoForgeClientDevLaunchHandler.java:23) ~[loader-4.0.42.jar%23146!/:4.0]
	at MC-BOOTSTRAP/fml_loader@4.0.42/net.neoforged.fml.loading.targets.CommonLaunchHandler.lambda$launchService$4(CommonLaunchHandler.java:118) ~[loader-4.0.42.jar%23146!/:4.0]
	at MC-BOOTSTRAP/cpw.mods.modlauncher@11.0.5/cpw.mods.modlauncher.LaunchServiceHandlerDecorator.launch(LaunchServiceHandlerDecorator.java:30) [modlauncher-11.0.5.jar%23128!/:?]
	at MC-BOOTSTRAP/cpw.mods.modlauncher@11.0.5/cpw.mods.modlauncher.LaunchServiceHandler.launch(LaunchServiceHandler.java:53) [modlauncher-11.0.5.jar%23128!/:?]
	at MC-BOOTSTRAP/cpw.mods.modlauncher@11.0.5/cpw.mods.modlauncher.LaunchServiceHandler.launch(LaunchServiceHandler.java:71) [modlauncher-11.0.5.jar%23128!/:?]
	at MC-BOOTSTRAP/cpw.mods.modlauncher@11.0.5/cpw.mods.modlauncher.Launcher.run(Launcher.java:103) [modlauncher-11.0.5.jar%23128!/:?]
	at MC-BOOTSTRAP/cpw.mods.modlauncher@11.0.5/cpw.mods.modlauncher.Launcher.main(Launcher.java:74) [modlauncher-11.0.5.jar%23128!/:?]
	at MC-BOOTSTRAP/cpw.mods.modlauncher@11.0.5/cpw.mods.modlauncher.BootstrapLaunchConsumer.accept(BootstrapLaunchConsumer.java:26) [modlauncher-11.0.5.jar%23128!/:?]
	at MC-BOOTSTRAP/cpw.mods.modlauncher@11.0.5/cpw.mods.modlauncher.BootstrapLaunchConsumer.accept(BootstrapLaunchConsumer.java:23) [modlauncher-11.0.5.jar%23128!/:?]
	at cpw.mods.bootstraplauncher@2.0.2/cpw.mods.bootstraplauncher.BootstrapLauncher.run(BootstrapLauncher.java:210) [bootstraplauncher-2.0.2.jar:?]
	at cpw.mods.bootstraplauncher@2.0.2/cpw.mods.bootstraplauncher.BootstrapLauncher.main(BootstrapLauncher.java:69) [bootstraplauncher-2.0.2.jar:?]
	at java.base/jdk.internal.reflect.DirectMethodHandleAccessor.invoke(DirectMethodHandleAccessor.java:103) ~[?:?]
	at java.base/java.lang.reflect.Method.invoke(Method.java:580) ~[?:?]
	at net.neoforged.devlaunch.Main.main(Main.java:57) [DevLaunch-1.0.2.jar:?]
[23Mai2026 07:06:20.120] [Render thread/INFO] [net.minecraft.world.item.crafting.RecipeManager/]: Loaded 3017 recipes
[23Mai2026 07:06:20.248] [Render thread/INFO] [net.minecraft.advancements.AdvancementTree/]: Loaded 2578 advancements
[23Mai2026 07:06:21.420] [Server thread/INFO] [net.minecraft.client.server.IntegratedServer/]: Starting integrated minecraft server version 1.21.1
[23Mai2026 07:06:21.420] [Server thread/INFO] [net.minecraft.server.MinecraftServer/]: Generating keypair
[23Mai2026 07:06:21.475] [Server thread/INFO] [net.neoforged.fml.config.ConfigTracker/CONFIG]: Found config file override in path .\saves\Tests\serverconfig\ritchiesprojectilelib-server.toml
[23Mai2026 07:06:21.476] [Server thread/INFO] [net.neoforged.fml.config.ConfigTracker/CONFIG]: Found config file override in path .\saves\Tests\serverconfig\jei-server.toml
[23Mai2026 07:06:21.478] [Server thread/INFO] [net.neoforged.fml.config.ConfigTracker/CONFIG]: Found config file override in path .\saves\Tests\serverconfig\cbc_at-server.toml
[23Mai2026 07:06:21.478] [Server thread/INFO] [net.neoforged.fml.config.ConfigTracker/CONFIG]: Found config file override in path .\saves\Tests\serverconfig\createbigcannons-server.toml
[23Mai2026 07:06:21.481] [Server thread/INFO] [net.neoforged.fml.config.ConfigTracker/CONFIG]: Found config file override in path .\saves\Tests\serverconfig\create-server.toml
[23Mai2026 07:06:22.072] [Server thread/INFO] [net.minecraft.server.MinecraftServer/]: Preparing start region for dimension minecraft:overworld
[23Mai2026 07:06:22.230] [progressListener/INFO] [net.minecraft.server.level.progress.LoggerChunkProgressListener/]: Preparing spawn area: 0%
[23Mai2026 07:06:22.388] [Server thread/INFO] [net.neoforged.neoforge.server.permission.PermissionAPI/]: Successfully initialized permission handler neoforge:default_handler
[23Mai2026 07:06:22.397] [progressListener/INFO] [net.minecraft.server.level.progress.LoggerChunkProgressListener/]: Time elapsed: 313 ms
[23Mai2026 07:06:22.458] [Server thread/INFO] [net.minecraft.client.server.IntegratedServer/]: Changing view distance to 32, from 10
[23Mai2026 07:06:22.458] [Server thread/INFO] [net.minecraft.client.server.IntegratedServer/]: Changing simulation distance to 32, from 0
[23Mai2026 07:06:22.806] [Render thread/INFO] [com.simibubi.create.Create/]: Created 157 recipes which will be injected into the game
[23Mai2026 07:06:22.808] [Render thread/INFO] [com.simibubi.create.Create/]: Created 0 tags which will be injected into the game
[23Mai2026 07:06:23.032] [Server thread/INFO] [net.minecraft.server.players.PlayerList/]: Dev[local:E:ebbabfbf] logged in with entity id 93 at (33.597800945662506, 64.83661140157142, -261.0620453892286)
[23Mai2026 07:06:23.087] [Server thread/INFO] [net.minecraft.server.MinecraftServer/]: Dev joined the game
[23Mai2026 07:06:23.262] [Render thread/INFO] [flywheel/]: Started 10 worker threads
[23Mai2026 07:06:23.306] [Render thread/INFO] [mezz.jei.core.util.LoggedTimer/]: Starting JEI...
[23Mai2026 07:06:23.315] [Render thread/INFO] [mezz.jei.library.load.PluginCaller/]: Registering item subtypes...
[23Mai2026 07:06:23.322] [Render thread/INFO] [mezz.jei.library.load.PluginCaller/]: Registering item subtypes took 6.916 milliseconds
[23Mai2026 07:06:23.323] [Render thread/INFO] [mezz.jei.library.load.PluginCaller/]: Registering fluid subtypes...
[23Mai2026 07:06:23.326] [Render thread/INFO] [mezz.jei.library.load.PluginCaller/]: Registering fluid subtypes took 2.784 milliseconds
[23Mai2026 07:06:23.328] [Render thread/INFO] [mezz.jei.library.load.PluginCaller/]: Registering ingredients...
[23Mai2026 07:06:23.401] [Render thread/WARN] [mezz.jei.library.plugins.vanilla.ingredients.ItemStackListFactory/]: 2 duplicate items were found in 'Create Big Cannons' creative tab's: displayItems
This may indicate that these types of item need a subtype interpreter added to JEI:
[createbigcannons:autocannon_cartridge, createbigcannons:big_cartridge]
[23Mai2026 07:06:23.423] [Render thread/WARN] [mezz.jei.library.plugins.vanilla.ingredients.ItemStackListFactory/]: 22 duplicate items were found in 'CBC: Advanced Technologies' creative tab's: displayItems
This may indicate that these types of item need a subtype interpreter added to JEI:
[cbc_at:cluster, cbc_at:heavy_autocannon_cartridge, cbc_at:cluster_caseless, cbc_at:cluster_cartridge]
[23Mai2026 07:06:23.447] [Render thread/INFO] [mezz.jei.library.load.PluginCallerTimerRunnable/]: Registering ingredients: jei:minecraft took 118.3 milliseconds
[23Mai2026 07:06:23.448] [Render thread/INFO] [mezz.jei.library.load.PluginCaller/]: Registering ingredients took 119.5 milliseconds
[23Mai2026 07:06:23.449] [Render thread/INFO] [mezz.jei.library.load.PluginCaller/]: Registering extra ingredients...
[23Mai2026 07:06:23.453] [Render thread/INFO] [mezz.jei.library.load.PluginCaller/]: Registering extra ingredients took 4.622 milliseconds
[23Mai2026 07:06:23.454] [Render thread/INFO] [mezz.jei.library.load.PluginCaller/]: Registering search ingredient aliases...
[23Mai2026 07:06:23.455] [Render thread/INFO] [mezz.jei.library.load.PluginCaller/]: Registering search ingredient aliases took 698.0 microseconds
[23Mai2026 07:06:23.473] [Render thread/INFO] [mezz.jei.library.load.PluginCaller/]: Registering Mod Info...
[23Mai2026 07:06:23.474] [Render thread/INFO] [mezz.jei.library.load.PluginCaller/]: Registering Mod Info took 472.7 microseconds
[23Mai2026 07:06:23.488] [Render thread/INFO] [mezz.jei.library.load.PluginCaller/]: Registering categories...
[23Mai2026 07:06:23.504] [Render thread/INFO] [mezz.jei.library.load.PluginCallerTimerRunnable/]: Registering categories: jei:minecraft took 15.26 milliseconds
[23Mai2026 07:06:23.528] [Render thread/INFO] [mezz.jei.library.load.PluginCallerTimerRunnable/]: Registering categories: createbigcannons:jei_plugin took 23.32 milliseconds
[23Mai2026 07:06:23.594] [Render thread/INFO] [mezz.jei.library.load.PluginCallerTimerRunnable/]: Registering categories: create:jei_plugin took 65.60 milliseconds
[23Mai2026 07:06:23.599] [Render thread/INFO] [mezz.jei.library.load.PluginCaller/]: Registering categories took 110.8 milliseconds
[23Mai2026 07:06:23.600] [Render thread/INFO] [mezz.jei.library.load.PluginCaller/]: Registering vanilla category extensions...
[23Mai2026 07:06:23.605] [Render thread/INFO] [mezz.jei.library.load.PluginCaller/]: Registering vanilla category extensions took 4.346 milliseconds
[23Mai2026 07:06:23.606] [Render thread/INFO] [mezz.jei.library.load.PluginCaller/]: Registering recipe catalysts...
[23Mai2026 07:06:23.610] [Render thread/INFO] [mezz.jei.library.load.PluginCaller/]: Registering recipe catalysts took 3.260 milliseconds
[23Mai2026 07:06:23.610] [Render thread/INFO] [mezz.jei.core.util.LoggedTimer/]: Building recipe registry...
[23Mai2026 07:06:23.627] [Render thread/INFO] [mezz.jei.core.util.LoggedTimer/]: Building recipe registry took 16.67 milliseconds
[23Mai2026 07:06:23.629] [Render thread/INFO] [mezz.jei.library.load.PluginCaller/]: Registering advanced plugins...
[23Mai2026 07:06:23.629] [Render thread/INFO] [mezz.jei.library.load.PluginCaller/]: Registering advanced plugins took 461.6 microseconds
[23Mai2026 07:06:23.631] [Render thread/INFO] [mezz.jei.library.load.PluginCaller/]: Registering recipes...
[23Mai2026 07:06:23.807] [Render thread/INFO] [mezz.jei.library.load.PluginCallerTimerRunnable/]: Registering recipes: jei:minecraft took 176.3 milliseconds
[23Mai2026 07:06:23.825] [Render thread/INFO] [mezz.jei.library.load.PluginCallerTimerRunnable/]: Registering recipes: createbigcannons:jei_plugin took 17.31 milliseconds
[23Mai2026 07:06:23.948] [Render thread/INFO] [mezz.jei.library.load.PluginCallerTimerRunnable/]: Registering recipes: create:jei_plugin took 122.8 milliseconds
[23Mai2026 07:06:23.984] [Render thread/INFO] [mezz.jei.library.load.PluginCallerTimerRunnable/]: Registering recipes: jei:internal took 27.89 milliseconds
[23Mai2026 07:06:23.984] [Render thread/INFO] [mezz.jei.library.load.PluginCaller/]: Registering recipes took 353.2 milliseconds
[23Mai2026 07:06:23.994] [Render thread/INFO] [mezz.jei.library.load.PluginCaller/]: Registering recipes transfer handlers...
[23Mai2026 07:06:23.999] [Render thread/INFO] [mezz.jei.library.load.PluginCaller/]: Registering recipes transfer handlers took 4.998 milliseconds
[23Mai2026 07:06:24.006] [Render thread/INFO] [mezz.jei.core.util.LoggedTimer/]: Building runtime...
[23Mai2026 07:06:24.010] [Render thread/INFO] [mezz.jei.library.load.PluginCaller/]: Registering gui handlers...
[23Mai2026 07:06:24.027] [Render thread/INFO] [mezz.jei.library.load.PluginCaller/]: Registering gui handlers took 16.54 milliseconds
[23Mai2026 07:06:24.032] [Render thread/INFO] [mezz.jei.library.load.PluginCaller/]: Registering Runtime...
[23Mai2026 07:06:24.035] [Render thread/INFO] [mezz.jei.gui.startup.JeiGuiStarter/]: Starting JEI GUI
[23Mai2026 07:06:24.035] [Render thread/INFO] [mezz.jei.core.util.LoggedTimer/]: Building ingredient list...
[23Mai2026 07:06:24.056] [Render thread/INFO] [mezz.jei.core.util.LoggedTimer/]: Building ingredient list took 20.43 milliseconds
[23Mai2026 07:06:24.056] [Render thread/INFO] [mezz.jei.core.util.LoggedTimer/]: Building ingredient filter...
[23Mai2026 07:06:24.106] [Render thread/INFO] [mezz.jei.gui.ingredients.IngredientFilter/]: Adding 2791 ingredients
[23Mai2026 07:06:24.347] [Render thread/INFO] [mezz.jei.gui.ingredients.IngredientFilter/]: Added 2791 ingredients
[23Mai2026 07:06:24.348] [Render thread/INFO] [mezz.jei.core.util.LoggedTimer/]: Building ingredient filter took 291.7 milliseconds
[23Mai2026 07:06:24.457] [Render thread/INFO] [mezz.jei.library.load.PluginCallerTimerRunnable/]: Registering Runtime: jei:neoforge_gui took 424.9 milliseconds
[23Mai2026 07:06:24.457] [Render thread/INFO] [mezz.jei.library.load.PluginCaller/]: Registering Runtime took 425.7 milliseconds
[23Mai2026 07:06:24.458] [Render thread/INFO] [mezz.jei.core.util.LoggedTimer/]: Building runtime took 452.2 milliseconds
[23Mai2026 07:06:24.459] [Render thread/INFO] [mezz.jei.library.load.PluginCaller/]: Sending Runtime...
[23Mai2026 07:06:24.459] [Render thread/INFO] [rbasamoyai.createbigcannons.CreateBigCannons/]: Attempting to load CBC deployer recipes
[23Mai2026 07:06:24.466] [Render thread/INFO] [mezz.jei.library.load.PluginCaller/]: Sending Runtime took 7.536 milliseconds
[23Mai2026 07:06:24.466] [Render thread/INFO] [mezz.jei.core.util.LoggedTimer/]: Starting JEI took 1.160 seconds
[23Mai2026 07:06:24.524] [Render thread/WARN] [net.minecraft.client.multiplayer.ClientPacketListener/]: Received passengers for unknown entity
[23Mai2026 07:06:24.530] [Render thread/INFO] [net.minecraft.advancements.AdvancementTree/]: Loaded 250 advancements
[23Mai2026 07:06:32.290] [Server thread/INFO] [net.minecraft.client.server.IntegratedServer/]: Saving and pausing game...
[23Mai2026 07:06:32.307] [Server thread/INFO] [net.minecraft.server.MinecraftServer/]: Saving chunks for level 'ServerLevel[Tests]'/minecraft:overworld
[23Mai2026 07:06:32.762] [Server thread/INFO] [net.minecraft.server.MinecraftServer/]: Saving chunks for level 'ServerLevel[Tests]'/minecraft:the_end
[23Mai2026 07:06:32.763] [Server thread/INFO] [net.minecraft.server.MinecraftServer/]: Saving chunks for level 'ServerLevel[Tests]'/minecraft:the_nether
[23Mai2026 07:06:37.115] [Render thread/INFO] [net.minecraft.server.packs.resources.ReloadableResourceManager/]: Reloading ResourceManager: vanilla, mod_resources, mod/createbigcannons, mod/flywheel, mod/ritchiesprojectilelib, mod/ponder, mod/create, mod/cbc_at, mod/neoforge, mod/jei, mod/cbc_at:resourcepacks/green_creative_ammo_boxes
[23Mai2026 07:06:37.118] [Worker-Main-6/INFO] [net.minecraft.client.gui.font.providers.UnihexProvider/]: Found unifont_all_no_pua-15.1.05.hex, loading
[23Mai2026 07:06:37.145] [Worker-Main-15/INFO] [net.minecraft.client.gui.font.providers.UnihexProvider/]: Found unifont_jp_patch-15.1.05.hex, loading
[23Mai2026 07:06:37.519] [Worker-Main-6/WARN] [net.minecraft.client.resources.model.ModelBakery/]: Unable to load model: 'cbc_at:block/rocket_pod/cast_iron_assembled_rocket_pod_rail' referenced from: cbc_at:block/rocket_pod/cast_iron_assembled_rocket_pod_rail: java.io.FileNotFoundException: cbc_at:models/block/rocket_pod/cast_iron_assembled_rocket_pod_rail.json
[23Mai2026 07:06:37.520] [Worker-Main-6/WARN] [net.minecraft.client.resources.model.ModelBakery/]: Unable to load model: 'cbc_at:block/rocket_pod/bronze_assembled_rocket_pod_rail' referenced from: cbc_at:block/rocket_pod/bronze_assembled_rocket_pod_rail: java.io.FileNotFoundException: cbc_at:models/block/rocket_pod/bronze_assembled_rocket_pod_rail.json
[23Mai2026 07:06:37.520] [Worker-Main-6/WARN] [net.minecraft.client.resources.model.ModelBakery/]: Unable to load model: 'cbc_at:block/rocket_pod/steel_assembled_rocket_pod_rail' referenced from: cbc_at:block/rocket_pod/steel_assembled_rocket_pod_rail: java.io.FileNotFoundException: cbc_at:models/block/rocket_pod/steel_assembled_rocket_pod_rail.json
[23Mai2026 07:06:37.520] [Worker-Main-6/WARN] [net.minecraft.client.resources.model.ModelBakery/]: Unable to load model: 'cbc_at:block/medium_rocket_rail/wrought_iron_assembled_medium_rocket_rail' referenced from: cbc_at:block/medium_rocket_rail/wrought_iron_assembled_medium_rocket_rail: java.io.FileNotFoundException: cbc_at:models/block/medium_rocket_rail/wrought_iron_assembled_medium_rocket_rail.json
[23Mai2026 07:06:37.522] [Worker-Main-6/WARN] [net.minecraft.client.resources.model.ModelBakery/]: Unable to load model: 'cbc_at:block/twin_autocannon/cast_iron_assembled_vert_twin_autocannon_silencer' referenced from: cbc_at:block/twin_autocannon/cast_iron_assembled_vert_twin_autocannon_silencer: java.io.FileNotFoundException: cbc_at:models/block/twin_autocannon/cast_iron_assembled_vert_twin_autocannon_silencer.json
[23Mai2026 07:06:37.522] [Worker-Main-6/WARN] [net.minecraft.client.resources.model.ModelBakery/]: Unable to load model: 'cbc_at:block/twin_autocannon/cast_iron_assembled_vert_twin_autocannon_muzzle_brake' referenced from: cbc_at:block/twin_autocannon/cast_iron_assembled_vert_twin_autocannon_muzzle_brake: java.io.FileNotFoundException: cbc_at:models/block/twin_autocannon/cast_iron_assembled_vert_twin_autocannon_muzzle_brake.json
[23Mai2026 07:06:37.524] [Worker-Main-6/WARN] [net.minecraft.client.resources.model.BlockStateModelLoader/]: Exception loading blockstate definition: 'cbc_at:blockstates/unbored_cast_iron_rocket_pod_rail.json' missing model for variant: 'cbc_at:unbored_cast_iron_rocket_pod_rail#assembled=true,facing=up,waterlogged=true'
[23Mai2026 07:06:37.525] [Worker-Main-6/WARN] [net.minecraft.client.resources.model.BlockStateModelLoader/]: Exception loading blockstate definition: 'cbc_at:blockstates/unbored_cast_iron_rocket_pod_rail.json' missing model for variant: 'cbc_at:unbored_cast_iron_rocket_pod_rail#assembled=true,facing=down,waterlogged=true'
[23Mai2026 07:06:37.525] [Worker-Main-6/WARN] [net.minecraft.client.resources.model.BlockStateModelLoader/]: Exception loading blockstate definition: 'cbc_at:blockstates/unbored_cast_iron_rocket_pod_rail.json' missing model for variant: 'cbc_at:unbored_cast_iron_rocket_pod_rail#assembled=true,facing=up,waterlogged=false'
[23Mai2026 07:06:37.525] [Worker-Main-6/WARN] [net.minecraft.client.resources.model.BlockStateModelLoader/]: Exception loading blockstate definition: 'cbc_at:blockstates/unbored_cast_iron_rocket_pod_rail.json' missing model for variant: 'cbc_at:unbored_cast_iron_rocket_pod_rail#assembled=true,facing=south,waterlogged=false'
[23Mai2026 07:06:37.525] [Worker-Main-6/WARN] [net.minecraft.client.resources.model.BlockStateModelLoader/]: Exception loading blockstate definition: 'cbc_at:blockstates/unbored_cast_iron_rocket_pod_rail.json' missing model for variant: 'cbc_at:unbored_cast_iron_rocket_pod_rail#assembled=true,facing=west,waterlogged=true'
[23Mai2026 07:06:37.525] [Worker-Main-6/WARN] [net.minecraft.client.resources.model.BlockStateModelLoader/]: Exception loading blockstate definition: 'cbc_at:blockstates/unbored_cast_iron_rocket_pod_rail.json' missing model for variant: 'cbc_at:unbored_cast_iron_rocket_pod_rail#assembled=true,facing=north,waterlogged=false'
[23Mai2026 07:06:37.525] [Worker-Main-6/WARN] [net.minecraft.client.resources.model.BlockStateModelLoader/]: Exception loading blockstate definition: 'cbc_at:blockstates/unbored_cast_iron_rocket_pod_rail.json' missing model for variant: 'cbc_at:unbored_cast_iron_rocket_pod_rail#assembled=true,facing=down,waterlogged=false'
[23Mai2026 07:06:37.525] [Worker-Main-6/WARN] [net.minecraft.client.resources.model.BlockStateModelLoader/]: Exception loading blockstate definition: 'cbc_at:blockstates/unbored_cast_iron_rocket_pod_rail.json' missing model for variant: 'cbc_at:unbored_cast_iron_rocket_pod_rail#assembled=true,facing=east,waterlogged=true'
[23Mai2026 07:06:37.525] [Worker-Main-6/WARN] [net.minecraft.client.resources.model.BlockStateModelLoader/]: Exception loading blockstate definition: 'cbc_at:blockstates/unbored_cast_iron_rocket_pod_rail.json' missing model for variant: 'cbc_at:unbored_cast_iron_rocket_pod_rail#assembled=true,facing=south,waterlogged=true'
[23Mai2026 07:06:37.525] [Worker-Main-6/WARN] [net.minecraft.client.resources.model.BlockStateModelLoader/]: Exception loading blockstate definition: 'cbc_at:blockstates/unbored_cast_iron_rocket_pod_rail.json' missing model for variant: 'cbc_at:unbored_cast_iron_rocket_pod_rail#assembled=true,facing=north,waterlogged=true'
[23Mai2026 07:06:37.525] [Worker-Main-6/WARN] [net.minecraft.client.resources.model.BlockStateModelLoader/]: Exception loading blockstate definition: 'cbc_at:blockstates/unbored_cast_iron_rocket_pod_rail.json' missing model for variant: 'cbc_at:unbored_cast_iron_rocket_pod_rail#assembled=true,facing=east,waterlogged=false'
[23Mai2026 07:06:37.525] [Worker-Main-6/WARN] [net.minecraft.client.resources.model.BlockStateModelLoader/]: Exception loading blockstate definition: 'cbc_at:blockstates/unbored_cast_iron_rocket_pod_rail.json' missing model for variant: 'cbc_at:unbored_cast_iron_rocket_pod_rail#assembled=true,facing=west,waterlogged=false'
[23Mai2026 07:06:37.525] [Worker-Main-6/WARN] [net.minecraft.client.resources.model.BlockStateModelLoader/]: Exception loading blockstate definition: 'cbc_at:blockstates/unbored_bronze_rocket_pod_rail.json' missing model for variant: 'cbc_at:unbored_bronze_rocket_pod_rail#assembled=true,facing=up,waterlogged=false'
[23Mai2026 07:06:37.525] [Worker-Main-6/WARN] [net.minecraft.client.resources.model.BlockStateModelLoader/]: Exception loading blockstate definition: 'cbc_at:blockstates/unbored_bronze_rocket_pod_rail.json' missing model for variant: 'cbc_at:unbored_bronze_rocket_pod_rail#assembled=true,facing=north,waterlogged=false'
[23Mai2026 07:06:37.525] [Worker-Main-6/WARN] [net.minecraft.client.resources.model.BlockStateModelLoader/]: Exception loading blockstate definition: 'cbc_at:blockstates/unbored_bronze_rocket_pod_rail.json' missing model for variant: 'cbc_at:unbored_bronze_rocket_pod_rail#assembled=true,facing=south,waterlogged=true'
[23Mai2026 07:06:37.525] [Worker-Main-6/WARN] [net.minecraft.client.resources.model.BlockStateModelLoader/]: Exception loading blockstate definition: 'cbc_at:blockstates/unbored_bronze_rocket_pod_rail.json' missing model for variant: 'cbc_at:unbored_bronze_rocket_pod_rail#assembled=true,facing=down,waterlogged=true'
[23Mai2026 07:06:37.525] [Worker-Main-6/WARN] [net.minecraft.client.resources.model.BlockStateModelLoader/]: Exception loading blockstate definition: 'cbc_at:blockstates/unbored_bronze_rocket_pod_rail.json' missing model for variant: 'cbc_at:unbored_bronze_rocket_pod_rail#assembled=true,facing=south,waterlogged=false'
[23Mai2026 07:06:37.525] [Worker-Main-6/WARN] [net.minecraft.client.resources.model.BlockStateModelLoader/]: Exception loading blockstate definition: 'cbc_at:blockstates/unbored_bronze_rocket_pod_rail.json' missing model for variant: 'cbc_at:unbored_bronze_rocket_pod_rail#assembled=true,facing=west,waterlogged=true'
[23Mai2026 07:06:37.525] [Worker-Main-6/WARN] [net.minecraft.client.resources.model.BlockStateModelLoader/]: Exception loading blockstate definition: 'cbc_at:blockstates/unbored_bronze_rocket_pod_rail.json' missing model for variant: 'cbc_at:unbored_bronze_rocket_pod_rail#assembled=true,facing=east,waterlogged=true'
[23Mai2026 07:06:37.525] [Worker-Main-6/WARN] [net.minecraft.client.resources.model.BlockStateModelLoader/]: Exception loading blockstate definition: 'cbc_at:blockstates/unbored_bronze_rocket_pod_rail.json' missing model for variant: 'cbc_at:unbored_bronze_rocket_pod_rail#assembled=true,facing=west,waterlogged=false'
[23Mai2026 07:06:37.525] [Worker-Main-6/WARN] [net.minecraft.client.resources.model.BlockStateModelLoader/]: Exception loading blockstate definition: 'cbc_at:blockstates/unbored_bronze_rocket_pod_rail.json' missing model for variant: 'cbc_at:unbored_bronze_rocket_pod_rail#assembled=true,facing=down,waterlogged=false'
[23Mai2026 07:06:37.525] [Worker-Main-6/WARN] [net.minecraft.client.resources.model.BlockStateModelLoader/]: Exception loading blockstate definition: 'cbc_at:blockstates/unbored_bronze_rocket_pod_rail.json' missing model for variant: 'cbc_at:unbored_bronze_rocket_pod_rail#assembled=true,facing=north,waterlogged=true'
[23Mai2026 07:06:37.525] [Worker-Main-6/WARN] [net.minecraft.client.resources.model.BlockStateModelLoader/]: Exception loading blockstate definition: 'cbc_at:blockstates/unbored_bronze_rocket_pod_rail.json' missing model for variant: 'cbc_at:unbored_bronze_rocket_pod_rail#assembled=true,facing=east,waterlogged=false'
[23Mai2026 07:06:37.525] [Worker-Main-6/WARN] [net.minecraft.client.resources.model.BlockStateModelLoader/]: Exception loading blockstate definition: 'cbc_at:blockstates/unbored_bronze_rocket_pod_rail.json' missing model for variant: 'cbc_at:unbored_bronze_rocket_pod_rail#assembled=true,facing=up,waterlogged=true'
[23Mai2026 07:06:37.528] [Worker-Main-6/WARN] [net.minecraft.client.resources.model.ModelBakery/]: Unable to load model: 'cbc_at:block/autocannon/unbored_cast_iron_assembled_autocannon_silencer' referenced from: cbc_at:block/autocannon/unbored_cast_iron_assembled_autocannon_silencer: java.io.FileNotFoundException: cbc_at:models/block/autocannon/unbored_cast_iron_assembled_autocannon_silencer.json
[23Mai2026 07:06:37.528] [Worker-Main-6/WARN] [net.minecraft.client.resources.model.ModelBakery/]: Unable to load model: 'cbc_at:block/autocannon/unbored_bronze_assembled_autocannon_silencer' referenced from: cbc_at:block/autocannon/unbored_bronze_assembled_autocannon_silencer: java.io.FileNotFoundException: cbc_at:models/block/autocannon/unbored_bronze_assembled_autocannon_silencer.json
[23Mai2026 07:06:37.528] [Worker-Main-6/WARN] [net.minecraft.client.resources.model.ModelBakery/]: Unable to load model: 'cbc_at:block/autocannon/unbored_steel_assembled_autocannon_silencer' referenced from: cbc_at:block/autocannon/unbored_steel_assembled_autocannon_silencer: java.io.FileNotFoundException: cbc_at:models/block/autocannon/unbored_steel_assembled_autocannon_silencer.json
[23Mai2026 07:06:37.528] [Worker-Main-6/WARN] [net.minecraft.client.resources.model.ModelBakery/]: Unable to load model: 'cbc_at:block/autocannon/unbored_cast_iron_assembled_autocannon_muzzle_brake' referenced from: cbc_at:block/autocannon/unbored_cast_iron_assembled_autocannon_muzzle_brake: java.io.FileNotFoundException: cbc_at:models/block/autocannon/unbored_cast_iron_assembled_autocannon_muzzle_brake.json
[23Mai2026 07:06:37.528] [Worker-Main-6/WARN] [net.minecraft.client.resources.model.ModelBakery/]: Unable to load model: 'cbc_at:block/autocannon/unbored_bronze_assembled_autocannon_muzzle_brake' referenced from: cbc_at:block/autocannon/unbored_bronze_assembled_autocannon_muzzle_brake: java.io.FileNotFoundException: cbc_at:models/block/autocannon/unbored_bronze_assembled_autocannon_muzzle_brake.json
[23Mai2026 07:06:37.529] [Worker-Main-6/WARN] [net.minecraft.client.resources.model.ModelBakery/]: Unable to load model: 'cbc_at:block/autocannon/unbored_steel_assembled_autocannon_muzzle_brake' referenced from: cbc_at:block/autocannon/unbored_steel_assembled_autocannon_muzzle_brake: java.io.FileNotFoundException: cbc_at:models/block/autocannon/unbored_steel_assembled_autocannon_muzzle_brake.json
[23Mai2026 07:06:37.536] [Worker-Main-6/WARN] [net.minecraft.client.resources.model.ModelBakery/]: Unable to load model: 'cbc_at:block/heavy_autocannon/cast_iron_recoil_spring' referenced from: cbc_at:block/heavy_autocannon/cast_iron_recoil_spring: java.io.FileNotFoundException: cbc_at:models/block/heavy_autocannon/cast_iron_recoil_spring.json
[23Mai2026 07:06:37.536] [Worker-Main-6/WARN] [net.minecraft.client.resources.model.ModelBakery/]: Unable to load model: 'cbc_at:block/heavy_autocannon/steel_recoil_spring' referenced from: cbc_at:block/heavy_autocannon/steel_recoil_spring: java.io.FileNotFoundException: cbc_at:models/block/heavy_autocannon/steel_recoil_spring.json
[23Mai2026 07:06:37.536] [Worker-Main-6/WARN] [net.minecraft.client.resources.model.ModelBakery/]: Unable to load model: 'cbc_at:block/heavy_autocannon/bronze_recoil_spring' referenced from: cbc_at:block/heavy_autocannon/bronze_recoil_spring: java.io.FileNotFoundException: cbc_at:models/block/heavy_autocannon/bronze_recoil_spring.json
[23Mai2026 07:06:37.915] [Worker-Main-6/WARN] [net.minecraft.client.resources.model.ModelManager/]: Missing textures in model cbc_at:block/twin_autocannon/cast_iron_vert_recoil_spring#standalone:
    minecraft:textures/atlas/blocks.png:minecraft:0
[23Mai2026 07:06:37.915] [Worker-Main-6/WARN] [net.minecraft.client.resources.model.ModelManager/]: Missing textures in model cbc_at:unbored_bronze_fume_extractor#facing=up:
    minecraft:textures/atlas/blocks.png:minecraft:bronze_cannon_barrel_side
[23Mai2026 07:06:37.915] [Worker-Main-6/WARN] [net.minecraft.client.resources.model.ModelManager/]: Missing textures in model cbc_at:block/twin_autocannon/bronze_recoil_spring#standalone:
    minecraft:textures/atlas/blocks.png:minecraft:0
[23Mai2026 07:06:37.915] [Worker-Main-6/WARN] [net.minecraft.client.resources.model.ModelManager/]: Missing textures in model cbc_at:unbored_steel_rocket_pod_breech#inventory:
    minecraft:textures/atlas/blocks.png:cbc_at:block/bronze_rocket_pod
[23Mai2026 07:06:37.915] [Worker-Main-6/WARN] [net.minecraft.client.resources.model.ModelManager/]: Missing textures in model cbc_at:unbored_steel_rocket_pod_rail#inventory:
    minecraft:textures/atlas/blocks.png:cbc_at:block/bronze_rocket_pod
[23Mai2026 07:06:37.915] [Worker-Main-6/WARN] [net.minecraft.client.resources.model.ModelManager/]: Missing textures in model cbc_at:wrought_iron_medium_rocket_rail#inventory:
    minecraft:textures/atlas/blocks.png:cbc_at:block/bronze_medium_rocket_rail
[23Mai2026 07:06:37.916] [Worker-Main-6/WARN] [net.minecraft.client.resources.model.ModelManager/]: Missing textures in model cbc_at:unbored_cast_iron_rocket_pod_breech#inventory:
    minecraft:textures/atlas/blocks.png:cbc_at:block/cast_iron_rocket_pod
[23Mai2026 07:06:37.916] [Worker-Main-6/WARN] [net.minecraft.client.resources.model.ModelManager/]: Missing textures in model cbc_at:wrought_iron_medium_rocket_rail_breech#inventory:
    minecraft:textures/atlas/blocks.png:cbc_at:block/bronze_medium_rocket_rail
[23Mai2026 07:06:37.916] [Worker-Main-6/WARN] [net.minecraft.client.resources.model.ModelManager/]: Missing textures in model cbc_at:heavy_autocannon_empty_cartridge#inventory:
    minecraft:textures/atlas/blocks.png:minecraft:cartridge_side
[23Mai2026 07:06:37.916] [Worker-Main-6/WARN] [net.minecraft.client.resources.model.ModelManager/]: Missing textures in model cbc_at:steel_rocket_pod_rail#inventory:
    minecraft:textures/atlas/blocks.png:cbc_at:block/bronze_rocket_pod
[23Mai2026 07:06:37.916] [Worker-Main-6/WARN] [net.minecraft.client.resources.model.ModelManager/]: Missing textures in model cbc_at:unbored_bronze_rocket_pod_rail#inventory:
    minecraft:textures/atlas/blocks.png:cbc_at:block/bronze_rocket_pod
[23Mai2026 07:06:37.916] [Worker-Main-6/WARN] [net.minecraft.client.resources.model.ModelManager/]: Missing textures in model cbc_at:unbored_bronze_fume_extractor#facing=down:
    minecraft:textures/atlas/blocks.png:minecraft:bronze_cannon_barrel_side
[23Mai2026 07:06:37.916] [Worker-Main-6/WARN] [net.minecraft.client.resources.model.ModelManager/]: Missing textures in model cbc_at:bronze_fume_extractor#inventory:
    minecraft:textures/atlas/blocks.png:minecraft:bronze_cannon_barrel_side
[23Mai2026 07:06:37.916] [Worker-Main-6/WARN] [net.minecraft.client.resources.model.ModelManager/]: Missing textures in model cbc_at:bronze_rocket_pod_breech#inventory:
    minecraft:textures/atlas/blocks.png:cbc_at:block/bronze_rocket_pod
[23Mai2026 07:06:37.916] [Worker-Main-6/WARN] [net.minecraft.client.resources.model.ModelManager/]: Missing textures in model cbc_at:bronze_rocket_pod_rail#inventory:
    minecraft:textures/atlas/blocks.png:cbc_at:block/bronze_rocket_pod
[23Mai2026 07:06:37.916] [Worker-Main-6/WARN] [net.minecraft.client.resources.model.ModelManager/]: Missing textures in model cbc_at:cast_iron_rocket_pod_breech#inventory:
    minecraft:textures/atlas/blocks.png:cbc_at:block/cast_iron_rocket_pod
[23Mai2026 07:06:37.916] [Worker-Main-6/WARN] [net.minecraft.client.resources.model.ModelManager/]: Missing textures in model cbc_at:unbored_cast_iron_rocket_pod_rail#inventory:
    minecraft:textures/atlas/blocks.png:cbc_at:block/cast_iron_rocket_pod
[23Mai2026 07:06:37.916] [Worker-Main-6/WARN] [net.minecraft.client.resources.model.ModelManager/]: Missing textures in model cbc_at:built_up_nethersteel_rifled_barrel#inventory:
    minecraft:textures/atlas/blocks.png:cbc_at:block/built_up_nethersteel_barrel_side
[23Mai2026 07:06:37.916] [Worker-Main-6/WARN] [net.minecraft.client.resources.model.ModelManager/]: Missing textures in model cbc_at:unbored_bronze_fume_extractor#facing=west:
    minecraft:textures/atlas/blocks.png:minecraft:bronze_cannon_barrel_side
[23Mai2026 07:06:37.916] [Worker-Main-6/WARN] [net.minecraft.client.resources.model.ModelManager/]: Missing textures in model cbc_at:block/twin_autocannon/bronze_vert_recoil_spring#standalone:
    minecraft:textures/atlas/blocks.png:minecraft:0
[23Mai2026 07:06:37.916] [Worker-Main-6/WARN] [net.minecraft.client.resources.model.ModelManager/]: Missing textures in model cbc_at:unbored_bronze_rocket_pod_breech#inventory:
    minecraft:textures/atlas/blocks.png:cbc_at:block/bronze_rocket_pod
[23Mai2026 07:06:37.916] [Worker-Main-6/WARN] [net.minecraft.client.resources.model.ModelManager/]: Missing textures in model cbc_at:steel_rocket_pod_breech#inventory:
    minecraft:textures/atlas/blocks.png:cbc_at:block/bronze_rocket_pod
[23Mai2026 07:06:37.916] [Worker-Main-6/WARN] [net.minecraft.client.resources.model.ModelManager/]: Missing textures in model cbc_at:unbored_bronze_fume_extractor#facing=east:
    minecraft:textures/atlas/blocks.png:minecraft:bronze_cannon_barrel_side
[23Mai2026 07:06:37.916] [Worker-Main-6/WARN] [net.minecraft.client.resources.model.ModelManager/]: Missing textures in model cbc_at:unbored_bronze_fume_extractor#facing=north:
    minecraft:textures/atlas/blocks.png:minecraft:bronze_cannon_barrel_side
[23Mai2026 07:06:37.916] [Worker-Main-6/WARN] [net.minecraft.client.resources.model.ModelManager/]: Missing textures in model cbc_at:unbored_bronze_fume_extractor#facing=south:
    minecraft:textures/atlas/blocks.png:minecraft:bronze_cannon_barrel_side
[23Mai2026 07:06:37.916] [Worker-Main-6/WARN] [net.minecraft.client.resources.model.ModelManager/]: Missing textures in model cbc_at:block/twin_autocannon/cast_iron_recoil_spring#standalone:
    minecraft:textures/atlas/blocks.png:minecraft:0
[23Mai2026 07:06:37.916] [Worker-Main-6/WARN] [net.minecraft.client.resources.model.ModelManager/]: Missing textures in model cbc_at:heavy_autocannon_qfbreech_mould#inventory:
    minecraft:textures/atlas/blocks.png:minecraft:cast_mould
[23Mai2026 07:06:37.916] [Worker-Main-6/WARN] [net.minecraft.client.resources.model.ModelManager/]: Missing textures in model cbc_at:cast_iron_rocket_pod_rail#inventory:
    minecraft:textures/atlas/blocks.png:cbc_at:block/cast_iron_rocket_pod
[23Mai2026 07:06:37.916] [Worker-Main-6/WARN] [net.minecraft.client.resources.model.ModelManager/]: Missing textures in model cbc_at:unbored_bronze_fume_extractor#inventory:
    minecraft:textures/atlas/blocks.png:minecraft:bronze_cannon_barrel_side
[23Mai2026 07:06:37.995] [Render thread/WARN] [net.minecraft.client.sounds.SoundEngine/]: Missing sound for event: minecraft:item.goat_horn.play
[23Mai2026 07:06:37.995] [Render thread/WARN] [net.minecraft.client.sounds.SoundEngine/]: Missing sound for event: minecraft:entity.goat.screaming.horn_break
[23Mai2026 07:06:38.027] [Render thread/INFO] [com.mojang.blaze3d.audio.Library/]: OpenAL initialized on device OpenAL Soft on Realtek HD Audio 2nd output (Realtek(R) Audio)
[23Mai2026 07:06:38.027] [Render thread/INFO] [net.minecraft.client.sounds.SoundEngine/SOUNDS]: Sound engine started
[23Mai2026 07:06:38.082] [Render thread/INFO] [net.minecraft.client.renderer.texture.TextureAtlas/]: Created: 2048x1024x4 minecraft:textures/atlas/blocks.png-atlas
[23Mai2026 07:06:38.097] [Render thread/INFO] [net.minecraft.client.renderer.texture.TextureAtlas/]: Created: 256x256x4 minecraft:textures/atlas/signs.png-atlas
[23Mai2026 07:06:38.098] [Render thread/INFO] [net.minecraft.client.renderer.texture.TextureAtlas/]: Created: 512x512x4 minecraft:textures/atlas/shield_patterns.png-atlas
[23Mai2026 07:06:38.098] [Render thread/INFO] [net.minecraft.client.renderer.texture.TextureAtlas/]: Created: 512x512x4 minecraft:textures/atlas/banner_patterns.png-atlas
[23Mai2026 07:06:38.098] [Render thread/INFO] [net.minecraft.client.renderer.texture.TextureAtlas/]: Created: 2048x1024x4 minecraft:textures/atlas/armor_trims.png-atlas
[23Mai2026 07:06:38.103] [Render thread/INFO] [net.minecraft.client.renderer.texture.TextureAtlas/]: Created: 128x64x4 minecraft:textures/atlas/decorated_pot.png-atlas
[23Mai2026 07:06:38.103] [Render thread/INFO] [net.minecraft.client.renderer.texture.TextureAtlas/]: Created: 256x256x4 minecraft:textures/atlas/chest.png-atlas
[23Mai2026 07:06:38.103] [Render thread/INFO] [net.minecraft.client.renderer.texture.TextureAtlas/]: Created: 512x256x4 minecraft:textures/atlas/shulker_boxes.png-atlas
[23Mai2026 07:06:38.104] [Render thread/INFO] [net.minecraft.client.renderer.texture.TextureAtlas/]: Created: 512x256x4 minecraft:textures/atlas/beds.png-atlas
[23Mai2026 07:06:38.111] [Render thread/INFO] [net.minecraft.client.renderer.texture.TextureAtlas/]: Created: 512x256x0 minecraft:textures/atlas/particles.png-atlas
[23Mai2026 07:06:38.112] [Render thread/INFO] [net.minecraft.client.renderer.texture.TextureAtlas/]: Created: 512x256x0 minecraft:textures/atlas/paintings.png-atlas
[23Mai2026 07:06:38.112] [Render thread/INFO] [net.minecraft.client.renderer.texture.TextureAtlas/]: Created: 256x128x0 minecraft:textures/atlas/mob_effects.png-atlas
[23Mai2026 07:06:38.112] [Render thread/INFO] [net.minecraft.client.renderer.texture.TextureAtlas/]: Created: 64x64x0 minecraft:textures/atlas/map_decorations.png-atlas
[23Mai2026 07:06:38.112] [Render thread/INFO] [net.minecraft.client.renderer.texture.TextureAtlas/]: Created: 1024x512x0 minecraft:textures/atlas/gui.png-atlas
[23Mai2026 07:06:38.119] [Render thread/WARN] [net.minecraft.client.renderer.ShaderInstance/]: Shader rendertype_entity_translucent_emissive could not find sampler named Sampler2 in the specified shader program.
[23Mai2026 07:06:38.142] [Render thread/INFO] [flywheel/backend/shaders/]: Loaded 77 shader sources in 4,457 ms
[23Mai2026 07:06:38.144] [Render thread/INFO] [com.simibubi.create.Create/]: Loaded 58 train hat configurations.
[23Mai2026 07:06:38.144] [Render thread/INFO] [net.neoforged.neoforge.client.entity.animation.json.AnimationLoader/]: Loaded 0 entity animations
[23Mai2026 07:06:38.144] [Render thread/INFO] [net.minecraft.client.renderer.texture.TextureAtlas/]: Created: 256x256x0 jei:textures/atlas/gui.png-atlas
[23Mai2026 07:06:38.145] [Render thread/INFO] [mezz.jei.core.util.LoggedTimer/]: Rebuilding ingredient filter...
[23Mai2026 07:06:38.236] [Render thread/INFO] [mezz.jei.core.util.LoggedTimer/]: Rebuilding ingredient filter took 91.42 milliseconds
[23Mai2026 07:06:43.740] [Server thread/INFO] [net.minecraft.client.server.IntegratedServer/]: Saving and pausing game...
[23Mai2026 07:06:43.753] [Server thread/INFO] [net.minecraft.server.MinecraftServer/]: Saving chunks for level 'ServerLevel[Tests]'/minecraft:overworld
[23Mai2026 07:06:43.764] [Server thread/INFO] [net.minecraft.server.MinecraftServer/]: Saving chunks for level 'ServerLevel[Tests]'/minecraft:the_end
[23Mai2026 07:06:43.764] [Server thread/INFO] [net.minecraft.server.MinecraftServer/]: Saving chunks for level 'ServerLevel[Tests]'/minecraft:the_nether
[23Mai2026 07:06:44.504] [Render thread/INFO] [mezz.jei.library.startup.JeiStarter/]: Stopping JEI
[23Mai2026 07:06:44.504] [Render thread/INFO] [mezz.jei.library.load.PluginCaller/]: Sending Runtime Unavailable...
[23Mai2026 07:06:44.504] [Render thread/INFO] [mezz.jei.neoforge.plugins.neoforge.NeoForgeGuiPlugin/]: Stopping JEI GUI
[23Mai2026 07:06:44.505] [Render thread/INFO] [mezz.jei.library.load.PluginCaller/]: Sending Runtime Unavailable took 965.0 microseconds
[23Mai2026 07:06:44.552] [Server thread/INFO] [net.minecraft.server.network.ServerGamePacketListenerImpl/]: Dev lost connection: Disconnected
[23Mai2026 07:06:44.552] [Server thread/INFO] [net.minecraft.server.MinecraftServer/]: Dev left the game
[23Mai2026 07:06:44.568] [Server thread/INFO] [net.minecraft.server.network.ServerCommonPacketListenerImpl/]: Stopping singleplayer server as player logged out
[23Mai2026 07:06:44.605] [Server thread/INFO] [net.minecraft.server.MinecraftServer/]: Stopping server
[23Mai2026 07:06:44.606] [Server thread/INFO] [net.minecraft.server.MinecraftServer/]: Saving players
[23Mai2026 07:06:44.606] [Server thread/INFO] [net.minecraft.server.MinecraftServer/]: Saving worlds
[23Mai2026 07:06:44.890] [Server thread/INFO] [net.minecraft.server.MinecraftServer/]: Saving chunks for level 'ServerLevel[Tests]'/minecraft:overworld
[23Mai2026 07:06:45.022] [Server thread/INFO] [net.minecraft.server.MinecraftServer/]: Saving chunks for level 'ServerLevel[Tests]'/minecraft:the_end
[23Mai2026 07:06:45.028] [Server thread/INFO] [net.minecraft.server.MinecraftServer/]: Saving chunks for level 'ServerLevel[Tests]'/minecraft:the_nether
[23Mai2026 07:06:45.039] [Server thread/INFO] [net.minecraft.server.MinecraftServer/]: ThreadedAnvilChunkStorage (Tests): All chunks are saved
[23Mai2026 07:06:45.039] [Server thread/INFO] [net.minecraft.server.MinecraftServer/]: ThreadedAnvilChunkStorage (DIM1): All chunks are saved
[23Mai2026 07:06:45.039] [Server thread/INFO] [net.minecraft.server.MinecraftServer/]: ThreadedAnvilChunkStorage (DIM-1): All chunks are saved
[23Mai2026 07:06:45.039] [Server thread/INFO] [net.minecraft.server.MinecraftServer/]: ThreadedAnvilChunkStorage: All dimensions are saved
[23Mai2026 07:06:46.632] [Render thread/INFO] [net.minecraft.client.Minecraft/]: Stopping!
